103.11.19 11:35 A C:\RGD\common\images\dotline1.gif --> starr.brc.mcw.edu /rgd_home/3.0/test/common/images dotline1.gif
103.11.19 11:35 A C:\RGD\common\images\dotline2.gif --> starr.brc.mcw.edu /rgd_home/3.0/test/common/images dotline2.gif
103.11.19 11:35 A C:\RGD\common\images\dotline3.gif --> starr.brc.mcw.edu /rgd_home/3.0/test/common/images dotline3.gif
103.11.19 11:35 A C:\RGD\common\images\dotline40.gif --> starr.brc.mcw.edu /rgd_home/3.0/test/common/images dotline40.gif
103.11.19 11:35 A C:\RGD\common\images\header-bkgd.gif --> starr.brc.mcw.edu /rgd_home/3.0/test/common/images header-bkgd.gif
103.11.19 11:35 A C:\RGD\common\images\header-data.gif --> starr.brc.mcw.edu /rgd_home/3.0/test/common/images header-data.gif
103.11.19 11:35 A C:\RGD\common\images\header-forum.gif --> starr.brc.mcw.edu /rgd_home/3.0/test/common/images header-forum.gif
103.11.19 11:35 A C:\RGD\common\images\header-submitdata.gif --> starr.brc.mcw.edu /rgd_home/3.0/test/common/images header-submitdata.gif
103.11.19 11:35 A C:\RGD\common\images\header-tool.gif --> starr.brc.mcw.edu /rgd_home/3.0/test/common/images header-tool.gif
103.11.19 11:35 A C:\RGD\common\images\header.gif --> starr.brc.mcw.edu /rgd_home/3.0/test/common/images header.gif
103.11.19 11:35 A C:\RGD\common\images\help.gif --> starr.brc.mcw.edu /rgd_home/3.0/test/common/images help.gif
103.11.19 11:35 A C:\RGD\common\images\help_grey.gif --> starr.brc.mcw.edu /rgd_home/3.0/test/common/images help_grey.gif
103.11.19 11:35 A C:\RGD\common\images\home_footer-bkgd.gif --> starr.brc.mcw.edu /rgd_home/3.0/test/common/images home_footer-bkgd.gif
103.11.19 11:35 A C:\RGD\common\images\home_header-bkgd.gif --> starr.brc.mcw.edu /rgd_home/3.0/test/common/images home_header-bkgd.gif
103.11.19 11:35 A C:\RGD\common\images\home_header-bkgd1.gif --> starr.brc.mcw.edu /rgd_home/3.0/test/common/images home_header-bkgd1.gif
103.11.19 11:35 A C:\RGD\common\images\menu2_bkgd.gif --> starr.brc.mcw.edu /rgd_home/3.0/test/common/images menu2_bkgd.gif
103.11.19 11:35 A C:\RGD\common\images\menu_bkgd.gif --> starr.brc.mcw.edu /rgd_home/3.0/test/common/images menu_bkgd.gif
103.11.19 11:35 A C:\RGD\common\images\menuh_bkgd.gif --> starr.brc.mcw.edu /rgd_home/3.0/test/common/images menuh_bkgd.gif
103.11.19 11:35 A C:\RGD\common\images\newred.gif --> starr.brc.mcw.edu /rgd_home/3.0/test/common/images newred.gif
103.11.19 11:35 A C:\RGD\common\images\rgd-logo.gif --> starr.brc.mcw.edu /rgd_home/3.0/test/common/images rgd-logo.gif
103.11.19 11:35 A C:\RGD\common\images\rgd_logo.gif --> starr.brc.mcw.edu /rgd_home/3.0/test/common/images rgd_logo.gif
103.11.19 11:35 A C:\RGD\common\images\shim.gif --> starr.brc.mcw.edu /rgd_home/3.0/test/common/images shim.gif
103.12.18 13:00 A T:\jiali\RGD\curation\public_html\headerFooters\common\images\dotline1.gif --> starr.brc.mcw.edu /rgd_home/JSP_PROJECTS/nomenclature/headerFooters/common/images dotline1.gif
103.12.18 13:00 A T:\jiali\RGD\curation\public_html\headerFooters\common\images\dotline2.gif --> starr.brc.mcw.edu /rgd_home/JSP_PROJECTS/nomenclature/headerFooters/common/images dotline2.gif
103.12.18 13:00 A T:\jiali\RGD\curation\public_html\headerFooters\common\images\dotline3.gif --> starr.brc.mcw.edu /rgd_home/JSP_PROJECTS/nomenclature/headerFooters/common/images dotline3.gif
103.12.18 13:00 A T:\jiali\RGD\curation\public_html\headerFooters\common\images\dotline40.gif --> starr.brc.mcw.edu /rgd_home/JSP_PROJECTS/nomenclature/headerFooters/common/images dotline40.gif
103.12.18 13:00 A T:\jiali\RGD\curation\public_html\headerFooters\common\images\header-bkgd.gif --> starr.brc.mcw.edu /rgd_home/JSP_PROJECTS/nomenclature/headerFooters/common/images header-bkgd.gif
103.12.18 13:00 A T:\jiali\RGD\curation\public_html\headerFooters\common\images\header-data.gif --> starr.brc.mcw.edu /rgd_home/JSP_PROJECTS/nomenclature/headerFooters/common/images header-data.gif
103.12.18 13:00 A T:\jiali\RGD\curation\public_html\headerFooters\common\images\header-forum.gif --> starr.brc.mcw.edu /rgd_home/JSP_PROJECTS/nomenclature/headerFooters/common/images header-forum.gif
103.12.18 13:00 A T:\jiali\RGD\curation\public_html\headerFooters\common\images\header-submitdata.gif --> starr.brc.mcw.edu /rgd_home/JSP_PROJECTS/nomenclature/headerFooters/common/images header-submitdata.gif
103.12.18 13:00 A T:\jiali\RGD\curation\public_html\headerFooters\common\images\header-tool.gif --> starr.brc.mcw.edu /rgd_home/JSP_PROJECTS/nomenclature/headerFooters/common/images header-tool.gif
103.12.18 13:00 A T:\jiali\RGD\curation\public_html\headerFooters\common\images\header.gif --> starr.brc.mcw.edu /rgd_home/JSP_PROJECTS/nomenclature/headerFooters/common/images header.gif
103.12.18 13:00 A T:\jiali\RGD\curation\public_html\headerFooters\common\images\help.gif --> starr.brc.mcw.edu /rgd_home/JSP_PROJECTS/nomenclature/headerFooters/common/images help.gif
103.12.18 13:00 A T:\jiali\RGD\curation\public_html\headerFooters\common\images\help_grey.gif --> starr.brc.mcw.edu /rgd_home/JSP_PROJECTS/nomenclature/headerFooters/common/images help_grey.gif
103.12.18 13:00 A T:\jiali\RGD\curation\public_html\headerFooters\common\images\home_footer-bkgd.gif --> starr.brc.mcw.edu /rgd_home/JSP_PROJECTS/nomenclature/headerFooters/common/images home_footer-bkgd.gif
103.12.18 13:00 A T:\jiali\RGD\curation\public_html\headerFooters\common\images\home_header-bkgd.gif --> starr.brc.mcw.edu /rgd_home/JSP_PROJECTS/nomenclature/headerFooters/common/images home_header-bkgd.gif
103.12.18 13:00 A T:\jiali\RGD\curation\public_html\headerFooters\common\images\home_header-bkgd1.gif --> starr.brc.mcw.edu /rgd_home/JSP_PROJECTS/nomenclature/headerFooters/common/images home_header-bkgd1.gif
103.12.18 13:00 A T:\jiali\RGD\curation\public_html\headerFooters\common\images\menu2_bkgd.gif --> starr.brc.mcw.edu /rgd_home/JSP_PROJECTS/nomenclature/headerFooters/common/images menu2_bkgd.gif
103.12.18 13:00 A T:\jiali\RGD\curation\public_html\headerFooters\common\images\menu_bkgd.gif --> starr.brc.mcw.edu /rgd_home/JSP_PROJECTS/nomenclature/headerFooters/common/images menu_bkgd.gif
103.12.18 13:00 A T:\jiali\RGD\curation\public_html\headerFooters\common\images\menuh_bkgd.gif --> starr.brc.mcw.edu /rgd_home/JSP_PROJECTS/nomenclature/headerFooters/common/images menuh_bkgd.gif
103.12.18 13:00 A T:\jiali\RGD\curation\public_html\headerFooters\common\images\newred.gif --> starr.brc.mcw.edu /rgd_home/JSP_PROJECTS/nomenclature/headerFooters/common/images newred.gif
103.12.18 13:00 A T:\jiali\RGD\curation\public_html\headerFooters\common\images\rgd-logo.gif --> starr.brc.mcw.edu /rgd_home/JSP_PROJECTS/nomenclature/headerFooters/common/images rgd-logo.gif
103.12.18 13:00 A T:\jiali\RGD\curation\public_html\headerFooters\common\images\rgd_logo.gif --> starr.brc.mcw.edu /rgd_home/JSP_PROJECTS/nomenclature/headerFooters/common/images rgd_logo.gif
103.12.18 13:00 A T:\jiali\RGD\curation\public_html\headerFooters\common\images\shim.gif --> starr.brc.mcw.edu /rgd_home/JSP_PROJECTS/nomenclature/headerFooters/common/images shim.gif
103.12.18 13:00 A T:\jiali\RGD\curation\public_html\headerFooters\common\images\WS_FTP.LOG --> starr.brc.mcw.edu /rgd_home/JSP_PROJECTS/nomenclature/headerFooters/common/images WS_FTP.LOG
