103.12.18 13:01 B T:\jiali\RGD\curation\public_html\images\button_g_logon.gif --> starr.brc.mcw.edu /rgd_home/JSP_PROJECTS/nomenclature/images button_g_logon.gif
103.12.18 13:01 B T:\jiali\RGD\curation\public_html\images\button_g_submit.gif --> starr.brc.mcw.edu /rgd_home/JSP_PROJECTS/nomenclature/images button_g_submit.gif
103.12.18 13:01 B T:\jiali\RGD\curation\public_html\images\curation1.gif --> starr.brc.mcw.edu /rgd_home/JSP_PROJECTS/nomenclature/images curation1.gif
103.12.18 13:01 B T:\jiali\RGD\curation\public_html\images\curation2.gif --> starr.brc.mcw.edu /rgd_home/JSP_PROJECTS/nomenclature/images curation2.gif
103.12.18 13:01 B T:\jiali\RGD\curation\public_html\images\ds_log.gif --> starr.brc.mcw.edu /rgd_home/JSP_PROJECTS/nomenclature/images ds_log.gif
103.12.18 13:01 B T:\jiali\RGD\curation\public_html\images\ds_main.gif --> starr.brc.mcw.edu /rgd_home/JSP_PROJECTS/nomenclature/images ds_main.gif
103.12.18 13:01 B T:\jiali\RGD\curation\public_html\images\ds_manager.gif --> starr.brc.mcw.edu /rgd_home/JSP_PROJECTS/nomenclature/images ds_manager.gif
103.12.18 13:01 B T:\jiali\RGD\curation\public_html\images\ds_online.gif --> starr.brc.mcw.edu /rgd_home/JSP_PROJECTS/nomenclature/images ds_online.gif
103.12.18 13:01 B T:\jiali\RGD\curation\public_html\images\ds_submit.gif --> starr.brc.mcw.edu /rgd_home/JSP_PROJECTS/nomenclature/images ds_submit.gif
103.12.18 13:01 B T:\jiali\RGD\curation\public_html\images\lc1.gif --> starr.brc.mcw.edu /rgd_home/JSP_PROJECTS/nomenclature/images lc1.gif
103.12.18 13:01 B T:\jiali\RGD\curation\public_html\images\lc2.gif --> starr.brc.mcw.edu /rgd_home/JSP_PROJECTS/nomenclature/images lc2.gif
103.12.18 13:01 B T:\jiali\RGD\curation\public_html\images\lc3.gif --> starr.brc.mcw.edu /rgd_home/JSP_PROJECTS/nomenclature/images lc3.gif
103.12.18 13:01 B T:\jiali\RGD\curation\public_html\images\login.gif --> starr.brc.mcw.edu /rgd_home/JSP_PROJECTS/nomenclature/images login.gif
103.12.18 13:01 B T:\jiali\RGD\curation\public_html\images\logoff1.gif --> starr.brc.mcw.edu /rgd_home/JSP_PROJECTS/nomenclature/images logoff1.gif
103.12.18 13:01 B T:\jiali\RGD\curation\public_html\images\logoff2.gif --> starr.brc.mcw.edu /rgd_home/JSP_PROJECTS/nomenclature/images logoff2.gif
103.12.18 13:01 B T:\jiali\RGD\curation\public_html\images\management1.gif --> starr.brc.mcw.edu /rgd_home/JSP_PROJECTS/nomenclature/images management1.gif
103.12.18 13:01 B T:\jiali\RGD\curation\public_html\images\management2.gif --> starr.brc.mcw.edu /rgd_home/JSP_PROJECTS/nomenclature/images management2.gif
103.12.18 13:01 B T:\jiali\RGD\curation\public_html\images\rc1.gif --> starr.brc.mcw.edu /rgd_home/JSP_PROJECTS/nomenclature/images rc1.gif
103.12.18 13:01 B T:\jiali\RGD\curation\public_html\images\rc2.gif --> starr.brc.mcw.edu /rgd_home/JSP_PROJECTS/nomenclature/images rc2.gif
103.12.18 13:01 B T:\jiali\RGD\curation\public_html\images\rc3.gif --> starr.brc.mcw.edu /rgd_home/JSP_PROJECTS/nomenclature/images rc3.gif
103.12.18 13:01 B T:\jiali\RGD\curation\public_html\images\rgd11title_v2.gif --> starr.brc.mcw.edu /rgd_home/JSP_PROJECTS/nomenclature/images rgd11title_v2.gif
103.12.18 13:01 B T:\jiali\RGD\curation\public_html\images\rgd_styles.css --> starr.brc.mcw.edu /rgd_home/JSP_PROJECTS/nomenclature/images rgd_styles.css
